2017-05-06 22:33:41,882 INFO  [Log] **************************************************************************************** 
2017-05-06 22:33:41,882 INFO  [Log] **************************************************************************************** 
2017-05-06 22:33:41,882 INFO  [Log] $$$$$$$$$$$$$$$$$$$$$                 TC_Login       $$$$$$$$$$$$$$$$$$$$$$$$$ 
2017-05-06 22:33:41,882 INFO  [Log] **************************************************************************************** 
2017-05-06 22:33:41,882 INFO  [Log] **************************************************************************************** 
2017-05-06 22:33:42,545 INFO  [Log] Set Excel Path, Name and Sheet E:\WS_PracticeSelenium\AutomationP\src\test\java\com\ext\testDataTestData-AutomationP.xlsxLogin 
2017-05-06 22:33:42,661 INFO  [Log] Username from TestData is test@test.com 
2017-05-06 22:33:42,691 INFO  [Log] Username text box is found on Login page 
2017-05-06 22:33:42,811 INFO  [Log] Entering username into Username text box  
2017-05-06 22:33:42,837 INFO  [Log] Sign In button is found on Login page 
2017-05-06 22:33:53,210 INFO  [Log] Clicked on Sign In button 
2017-05-06 22:33:53,210 INFO  [Log] Succesfully logged into system 
2017-05-06 22:33:57,384 INFO  [Log] Found Switch To Menu 
2017-05-06 22:33:59,524 INFO  [Log] Found Alerts submenu 
2017-05-06 22:34:07,429 INFO  [Log] Found button 
2017-05-06 22:34:07,608 INFO  [Log] Calling Wdgets method 
2017-05-06 22:36:09,554 INFO  [Log] **************************************************************************************** 
2017-05-06 22:36:09,554 INFO  [Log] **************************************************************************************** 
2017-05-06 22:36:09,554 INFO  [Log] $$$$$$$$$$$$$$$$$$$$$                 TC_Login       $$$$$$$$$$$$$$$$$$$$$$$$$ 
2017-05-06 22:36:09,554 INFO  [Log] **************************************************************************************** 
2017-05-06 22:36:09,554 INFO  [Log] **************************************************************************************** 
2017-05-06 22:36:10,196 INFO  [Log] Set Excel Path, Name and Sheet E:\WS_PracticeSelenium\AutomationP\src\test\java\com\ext\testDataTestData-AutomationP.xlsxLogin 
2017-05-06 22:36:10,304 INFO  [Log] Username from TestData is test@test.com 
2017-05-06 22:36:10,341 INFO  [Log] Username text box is found on Login page 
2017-05-06 22:36:10,489 INFO  [Log] Entering username into Username text box  
2017-05-06 22:36:10,515 INFO  [Log] Sign In button is found on Login page 
2017-05-06 22:36:25,716 INFO  [Log] Clicked on Sign In button 
2017-05-06 22:36:25,716 INFO  [Log] Succesfully logged into system 
2017-05-06 22:36:29,895 INFO  [Log] Found Switch To Menu 
2017-05-06 22:36:32,047 INFO  [Log] Found Alerts submenu 
2017-05-06 22:36:44,043 INFO  [Log] Found button 
2017-05-06 22:36:44,211 INFO  [Log] Calling Wdgets method 
2017-05-06 22:40:06,378 INFO  [Log] **************************************************************************************** 
2017-05-06 22:40:06,378 INFO  [Log] **************************************************************************************** 
2017-05-06 22:40:06,379 INFO  [Log] $$$$$$$$$$$$$$$$$$$$$                 TC_Login       $$$$$$$$$$$$$$$$$$$$$$$$$ 
2017-05-06 22:40:06,379 INFO  [Log] **************************************************************************************** 
2017-05-06 22:40:06,379 INFO  [Log] **************************************************************************************** 
2017-05-06 22:40:07,068 INFO  [Log] Set Excel Path, Name and Sheet E:\WS_PracticeSelenium\AutomationP\src\test\java\com\ext\testDataTestData-AutomationP.xlsxLogin 
2017-05-06 22:40:07,169 INFO  [Log] Username from TestData is test@test.com 
2017-05-06 22:40:07,204 INFO  [Log] Username text box is found on Login page 
2017-05-06 22:40:07,321 INFO  [Log] Entering username into Username text box  
2017-05-06 22:40:07,346 INFO  [Log] Sign In button is found on Login page 
2017-05-06 22:40:18,763 INFO  [Log] Clicked on Sign In button 
2017-05-06 22:40:18,764 INFO  [Log] Succesfully logged into system 
2017-05-06 22:40:22,936 INFO  [Log] Found Switch To Menu 
2017-05-06 22:40:25,077 INFO  [Log] Found Alerts submenu 
2017-05-06 22:40:41,487 INFO  [Log] Found button 
2017-05-06 22:40:41,673 INFO  [Log] Calling Wdgets method 
2017-05-07 10:52:22,658 INFO  [Log] **************************************************************************************** 
2017-05-07 10:52:22,736 INFO  [Log] **************************************************************************************** 
2017-05-07 10:52:22,736 INFO  [Log] $$$$$$$$$$$$$$$$$$$$$                 TC_Login       $$$$$$$$$$$$$$$$$$$$$$$$$ 
2017-05-07 10:52:22,736 INFO  [Log] **************************************************************************************** 
2017-05-07 10:52:22,736 INFO  [Log] **************************************************************************************** 
2017-05-07 10:52:25,430 INFO  [Log] Set Excel Path, Name and Sheet E:\WS_PracticeSelenium\AutomationP\src\test\java\com\ext\testDataTestData-AutomationP.xlsxLogin 
2017-05-07 10:52:25,547 INFO  [Log] Username from TestData is test@test.com 
2017-05-07 10:52:26,032 INFO  [Log] Username text box is found on Login page 
2017-05-07 10:52:27,547 INFO  [Log] Entering username into Username text box  
2017-05-07 10:52:27,606 INFO  [Log] Sign In button is found on Login page 
2017-05-07 10:52:37,588 INFO  [Log] Clicked on Sign In button 
2017-05-07 10:52:37,588 INFO  [Log] Succesfully logged into system 
2017-05-07 10:52:41,765 INFO  [Log] Found Switch To Menu 
2017-05-07 10:52:44,027 INFO  [Log] Found Alerts submenu 
2017-05-07 10:52:53,740 INFO  [Log] Found button 
2017-05-07 10:53:06,523 INFO  [Log] Calling Wdgets method 
2017-05-07 10:54:34,637 INFO  [Log] **************************************************************************************** 
2017-05-07 10:54:34,637 INFO  [Log] **************************************************************************************** 
2017-05-07 10:54:34,637 INFO  [Log] $$$$$$$$$$$$$$$$$$$$$                 TC_Login       $$$$$$$$$$$$$$$$$$$$$$$$$ 
2017-05-07 10:54:34,637 INFO  [Log] **************************************************************************************** 
2017-05-07 10:54:34,637 INFO  [Log] **************************************************************************************** 
2017-05-07 10:54:35,209 INFO  [Log] Set Excel Path, Name and Sheet E:\WS_PracticeSelenium\AutomationP\src\test\java\com\ext\testDataTestData-AutomationP.xlsxLogin 
2017-05-07 10:54:35,312 INFO  [Log] Username from TestData is test@test.com 
2017-05-07 10:54:35,343 INFO  [Log] Username text box is found on Login page 
2017-05-07 10:54:35,484 INFO  [Log] Entering username into Username text box  
2017-05-07 10:54:35,508 INFO  [Log] Sign In button is found on Login page 
2017-05-07 10:54:42,309 INFO  [Log] Clicked on Sign In button 
2017-05-07 10:54:42,309 INFO  [Log] Succesfully logged into system 
2017-05-07 10:54:46,434 INFO  [Log] Found Switch To Menu 
2017-05-07 10:54:48,541 INFO  [Log] Found Alerts submenu 
2017-05-07 10:55:01,062 INFO  [Log] Found button 
2017-05-07 10:55:42,760 INFO  [Log] Calling Wdgets method 
2017-05-07 10:58:04,332 INFO  [Log] **************************************************************************************** 
2017-05-07 10:58:04,332 INFO  [Log] **************************************************************************************** 
2017-05-07 10:58:04,332 INFO  [Log] $$$$$$$$$$$$$$$$$$$$$                 TC_Login       $$$$$$$$$$$$$$$$$$$$$$$$$ 
2017-05-07 10:58:04,332 INFO  [Log] **************************************************************************************** 
2017-05-07 10:58:04,332 INFO  [Log] **************************************************************************************** 
2017-05-07 10:58:04,892 INFO  [Log] Set Excel Path, Name and Sheet E:\WS_PracticeSelenium\AutomationP\src\test\java\com\ext\testDataTestData-AutomationP.xlsxLogin 
2017-05-07 10:58:05,001 INFO  [Log] Username from TestData is test@test.com 
2017-05-07 10:58:05,033 INFO  [Log] Username text box is found on Login page 
2017-05-07 10:58:05,161 INFO  [Log] Entering username into Username text box  
2017-05-07 10:58:05,189 INFO  [Log] Sign In button is found on Login page 
2017-05-07 10:58:11,474 INFO  [Log] Clicked on Sign In button 
2017-05-07 10:58:11,474 INFO  [Log] Succesfully logged into system 
2017-05-07 10:58:15,627 INFO  [Log] Found Switch To Menu 
2017-05-07 10:58:17,805 INFO  [Log] Found Alerts submenu 
2017-05-07 10:58:27,072 INFO  [Log] Found button 
2017-05-07 11:01:49,580 INFO  [Log] Calling Wdgets method 
2017-05-08 08:38:02,484 INFO  [Log] **************************************************************************************** 
2017-05-08 08:38:02,508 INFO  [Log] **************************************************************************************** 
2017-05-08 08:38:02,508 INFO  [Log] $$$$$$$$$$$$$$$$$$$$$                 TC_Login       $$$$$$$$$$$$$$$$$$$$$$$$$ 
2017-05-08 08:38:02,508 INFO  [Log] **************************************************************************************** 
2017-05-08 08:38:02,508 INFO  [Log] **************************************************************************************** 
2017-05-08 08:38:07,627 INFO  [Log] Set Excel Path, Name and Sheet E:\WS_PracticeSelenium\AutomationP\src\test\java\com\ext\testDataTestData-AutomationP.xlsxLogin 
2017-05-08 08:38:07,923 INFO  [Log] Username from TestData is test@test.com 
2017-05-08 08:38:08,092 INFO  [Log] Username text box is found on Login page 
2017-05-08 08:38:08,264 INFO  [Log] Entering username into Username text box  
2017-05-08 08:38:08,308 INFO  [Log] Sign In button is found on Login page 
2017-05-08 08:38:17,881 INFO  [Log] Clicked on Sign In button 
2017-05-08 08:38:17,881 INFO  [Log] Succesfully logged into system 
2017-05-08 08:38:22,184 INFO  [Log] Found Switch To Menu 
2017-05-08 08:38:24,337 INFO  [Log] Found File Upload submenu 
2017-05-08 08:38:32,153 INFO  [Log] Found Browse button 
2017-05-14 11:24:13,883 INFO  [Log] **************************************************************************************** 
2017-05-14 11:24:13,930 INFO  [Log] **************************************************************************************** 
2017-05-14 11:24:13,930 INFO  [Log] $$$$$$$$$$$$$$$$$$$$$                 TC_Login       $$$$$$$$$$$$$$$$$$$$$$$$$ 
2017-05-14 11:24:13,930 INFO  [Log] **************************************************************************************** 
2017-05-14 11:24:13,930 INFO  [Log] **************************************************************************************** 
2017-05-14 11:24:16,268 INFO  [Log] Set Excel Path, Name and Sheet E:\WS_PracticeSelenium\AutomationP\src\test\java\com\ext\testDataTestData-AutomationP.xlsxLogin 
2017-05-14 11:24:16,633 INFO  [Log] Username from TestData is Kavya 
2017-05-14 11:24:17,054 INFO  [Log] Username text box is found on Login page 
2017-05-14 11:24:18,230 INFO  [Log] Entering username into Username text box  
2017-05-14 11:24:18,274 INFO  [Log] Sign In button is found on Login page 
2017-05-14 11:24:41,007 INFO  [Log] Clicked on Sign In button 
2017-05-14 11:24:41,007 INFO  [Log] Succesfully logged into system 
2017-05-25 08:44:15,252 INFO  [Log] **************************************************************************************** 
2017-05-25 08:44:15,252 INFO  [Log] **************************************************************************************** 
2017-05-25 08:44:15,252 INFO  [Log] $$$$$$$$$$$$$$$$$$$$$                 TC_Login       $$$$$$$$$$$$$$$$$$$$$$$$$ 
2017-05-25 08:44:15,252 INFO  [Log] **************************************************************************************** 
2017-05-25 08:44:15,252 INFO  [Log] **************************************************************************************** 
2017-05-25 08:44:16,568 INFO  [Log] Set Excel Path, Name and Sheet E:\WS_PracticeSelenium\AutomationP\src\test\java\com\ext\testDataTestData-AutomationP.xlsxLogin 
2017-05-25 08:44:16,851 INFO  [Log] Username from TestData is Kavya 
2017-05-25 08:44:16,961 INFO  [Log] Username text box is found on Login page 
2017-05-25 08:44:17,152 INFO  [Log] Entering username into Username text box  
2017-05-25 08:44:17,196 INFO  [Log] Sign In button is found on Login page 
2017-05-25 08:44:27,440 INFO  [Log] Clicked on Sign In button 
2017-05-25 08:44:27,444 INFO  [Log] Succesfully logged into system 
2017-05-25 08:47:40,199 INFO  [Log] **************************************************************************************** 
2017-05-25 08:47:40,199 INFO  [Log] **************************************************************************************** 
2017-05-25 08:47:40,199 INFO  [Log] $$$$$$$$$$$$$$$$$$$$$                 TC_Login       $$$$$$$$$$$$$$$$$$$$$$$$$ 
2017-05-25 08:47:40,199 INFO  [Log] **************************************************************************************** 
2017-05-25 08:47:40,199 INFO  [Log] **************************************************************************************** 
2017-05-25 08:47:40,777 INFO  [Log] Set Excel Path, Name and Sheet E:\WS_PracticeSelenium\AutomationP\src\test\java\com\ext\testDataTestData-AutomationP.xlsxLogin 
2017-05-25 08:47:41,021 INFO  [Log] Username from TestData is Kavya 
2017-05-25 08:47:41,068 INFO  [Log] Username text box is found on Login page 
2017-05-25 08:47:41,143 INFO  [Log] Entering username into Username text box  
2017-05-25 08:47:41,175 INFO  [Log] Sign In button is found on Login page 
2017-05-25 08:47:50,127 INFO  [Log] Clicked on Sign In button 
2017-05-25 08:47:50,127 INFO  [Log] Succesfully logged into system 
2017-05-31 20:45:22,979 INFO  [Log] **************************************************************************************** 
2017-05-31 20:45:22,995 INFO  [Log] **************************************************************************************** 
2017-05-31 20:45:22,995 INFO  [Log] $$$$$$$$$$$$$$$$$$$$$                 TC_Login       $$$$$$$$$$$$$$$$$$$$$$$$$ 
2017-05-31 20:45:22,995 INFO  [Log] **************************************************************************************** 
2017-05-31 20:45:22,995 INFO  [Log] **************************************************************************************** 
2017-05-31 20:45:24,706 INFO  [Log] Set Excel Path, Name and Sheet E:\WS_PracticeSelenium\AutomationP\src\test\java\com\ext\testDataTestData-AutomationP.xlsxLogin 
2017-05-31 20:45:25,068 INFO  [Log] Username from TestData is Kavya 
2017-05-31 20:45:25,287 INFO  [Log] Username text box is found on Login page 
2017-05-31 20:45:25,433 INFO  [Log] Entering username into Username text box  
2017-05-31 20:45:25,473 INFO  [Log] Sign In button is found on Login page 
2017-05-31 20:45:41,782 INFO  [Log] Clicked on Sign In button 
2017-05-31 20:45:41,782 INFO  [Log] Succesfully logged into system 
2017-06-10 13:05:35,307 INFO  [Log] **************************************************************************************** 
2017-06-10 13:05:35,307 INFO  [Log] **************************************************************************************** 
2017-06-10 13:05:35,307 INFO  [Log] $$$$$$$$$$$$$$$$$$$$$                 TC_Login       $$$$$$$$$$$$$$$$$$$$$$$$$ 
2017-06-10 13:05:35,307 INFO  [Log] **************************************************************************************** 
2017-06-10 13:05:35,308 INFO  [Log] **************************************************************************************** 
2017-06-10 13:05:36,134 INFO  [Log] Set Excel Path, Name and Sheet E:\WS_PracticeSelenium\AutomationP\src\test\java\com\ext\testDataTestData-AutomationP.xlsxLogin 
2017-06-10 13:05:36,435 INFO  [Log] Username from TestData is Kavya 
2017-06-10 13:05:36,576 INFO  [Log] Username text box is found on Login page 
2017-06-10 13:05:36,679 INFO  [Log] Entering username into Username text box  
2017-06-10 13:05:36,703 INFO  [Log] Sign In button is found on Login page 
2017-06-10 13:06:00,791 INFO  [Log] Clicked on Sign In button 
2017-06-10 13:06:00,791 INFO  [Log] Succesfully logged into system 
2017-06-10 19:03:31,157 INFO  [Log] **************************************************************************************** 
2017-06-10 19:03:31,169 INFO  [Log] **************************************************************************************** 
2017-06-10 19:03:31,169 INFO  [Log] $$$$$$$$$$$$$$$$$$$$$                 TC_Login       $$$$$$$$$$$$$$$$$$$$$$$$$ 
2017-06-10 19:03:31,169 INFO  [Log] **************************************************************************************** 
2017-06-10 19:03:31,169 INFO  [Log] **************************************************************************************** 
2017-06-10 19:03:31,982 INFO  [Log] Set Excel Path, Name and Sheet E:\WS_PracticeSelenium\AutomationP\src\test\java\com\ext\testDataTestData-AutomationP.xlsxLogin 
2017-06-10 19:03:32,242 INFO  [Log] Username from TestData is Kavya 
2017-06-10 19:03:32,298 INFO  [Log] Username text box is found on Login page 
2017-06-10 19:03:32,379 INFO  [Log] Entering username into Username text box  
2017-06-10 19:03:32,399 INFO  [Log] Sign In button is found on Login page 
2017-06-10 19:03:51,549 INFO  [Log] Clicked on Sign In button 
2017-06-10 19:03:51,550 INFO  [Log] Succesfully logged into system 
2017-06-10 19:18:17,923 INFO  [Log] **************************************************************************************** 
2017-06-10 19:18:17,923 INFO  [Log] **************************************************************************************** 
2017-06-10 19:18:17,923 INFO  [Log] $$$$$$$$$$$$$$$$$$$$$                 TC_Login       $$$$$$$$$$$$$$$$$$$$$$$$$ 
2017-06-10 19:18:17,923 INFO  [Log] **************************************************************************************** 
2017-06-10 19:18:17,923 INFO  [Log] **************************************************************************************** 
2017-06-10 19:18:18,556 INFO  [Log] Set Excel Path, Name and Sheet E:\WS_PracticeSelenium\AutomationP\src\test\java\com\ext\testDataTestData-AutomationP.xlsxLogin 
2017-06-10 19:18:18,774 INFO  [Log] Username from TestData is Kavya 
2017-06-10 19:18:18,806 INFO  [Log] Username text box is found on Login page 
2017-06-10 19:18:18,893 INFO  [Log] Entering username into Username text box  
2017-06-10 19:18:18,925 INFO  [Log] Sign In button is found on Login page 
2017-06-10 19:18:32,892 INFO  [Log] Clicked on Sign In button 
2017-06-10 19:18:32,892 INFO  [Log] Succesfully logged into system 
2017-06-10 19:29:41,720 INFO  [Log] **************************************************************************************** 
2017-06-10 19:29:41,720 INFO  [Log] **************************************************************************************** 
2017-06-10 19:29:41,720 INFO  [Log] $$$$$$$$$$$$$$$$$$$$$                 TC_Login       $$$$$$$$$$$$$$$$$$$$$$$$$ 
2017-06-10 19:29:41,720 INFO  [Log] **************************************************************************************** 
2017-06-10 19:29:41,720 INFO  [Log] **************************************************************************************** 
2017-06-10 19:29:42,348 INFO  [Log] Set Excel Path, Name and Sheet E:\WS_PracticeSelenium\AutomationP\src\test\java\com\ext\testDataTestData-AutomationP.xlsxLogin 
2017-06-10 19:29:42,560 INFO  [Log] Username from TestData is Kavya 
2017-06-10 19:29:42,596 INFO  [Log] Username text box is found on Login page 
2017-06-10 19:29:42,680 INFO  [Log] Entering username into Username text box  
2017-06-10 19:29:42,704 INFO  [Log] Sign In button is found on Login page 
2017-06-10 19:30:01,468 INFO  [Log] Clicked on Sign In button 
2017-06-10 19:30:01,468 INFO  [Log] Succesfully logged into system 
2017-06-10 20:19:53,846 INFO  [Log] **************************************************************************************** 
2017-06-10 20:19:53,846 INFO  [Log] **************************************************************************************** 
2017-06-10 20:19:53,846 INFO  [Log] $$$$$$$$$$$$$$$$$$$$$                 TC_Login       $$$$$$$$$$$$$$$$$$$$$$$$$ 
2017-06-10 20:19:53,846 INFO  [Log] **************************************************************************************** 
2017-06-10 20:19:53,846 INFO  [Log] **************************************************************************************** 
2017-06-10 20:19:54,474 INFO  [Log] Set Excel Path, Name and Sheet E:\WS_PracticeSelenium\AutomationP\src\test\java\com\ext\testDataTestData-AutomationP.xlsxLogin 
2017-06-10 20:19:54,711 INFO  [Log] Username from TestData is Kavya 
2017-06-10 20:19:54,743 INFO  [Log] Username text box is found on Login page 
2017-06-10 20:19:54,827 INFO  [Log] Entering username into Username text box  
2017-06-10 20:19:54,851 INFO  [Log] Sign In button is found on Login page 
2017-06-10 20:20:04,490 INFO  [Log] Clicked on Sign In button 
2017-06-10 20:20:04,491 INFO  [Log] Succesfully logged into system 
2017-06-10 20:53:34,571 INFO  [Log] **************************************************************************************** 
2017-06-10 20:53:34,598 INFO  [Log] **************************************************************************************** 
2017-06-10 20:53:34,599 INFO  [Log] $$$$$$$$$$$$$$$$$$$$$                 TC_Login       $$$$$$$$$$$$$$$$$$$$$$$$$ 
2017-06-10 20:53:34,599 INFO  [Log] **************************************************************************************** 
2017-06-10 20:53:34,599 INFO  [Log] **************************************************************************************** 
2017-06-10 20:53:35,902 INFO  [Log] Set Excel Path, Name and Sheet E:\WS_PracticeSelenium\AutomationP\src\test\java\com\ext\testDataTestData-AutomationP.xlsxLogin 
2017-06-10 20:53:36,209 INFO  [Log] Username from TestData is Kavya 
2017-06-10 20:53:36,296 INFO  [Log] Username text box is found on Login page 
2017-06-10 20:53:36,444 INFO  [Log] Entering username into Username text box  
2017-06-10 20:53:36,484 INFO  [Log] Sign In button is found on Login page 
2017-06-10 20:53:48,478 INFO  [Log] Clicked on Sign In button 
2017-06-10 20:53:48,478 INFO  [Log] Succesfully logged into system 
2017-06-10 21:25:44,301 INFO  [Log] **************************************************************************************** 
2017-06-10 21:25:44,347 INFO  [Log] **************************************************************************************** 
2017-06-10 21:25:44,347 INFO  [Log] $$$$$$$$$$$$$$$$$$$$$                 TC_Login       $$$$$$$$$$$$$$$$$$$$$$$$$ 
2017-06-10 21:25:44,347 INFO  [Log] **************************************************************************************** 
2017-06-10 21:25:44,347 INFO  [Log] **************************************************************************************** 
2017-06-10 21:25:45,388 INFO  [Log] Set Excel Path, Name and Sheet E:\WS_PracticeSelenium\AutomationP\src\test\java\com\ext\testDataTestData-AutomationP.xlsxLogin 
2017-06-10 21:25:45,722 INFO  [Log] Username from TestData is Kavya 
2017-06-10 21:25:45,820 INFO  [Log] Username text box is found on Login page 
2017-06-10 21:25:46,058 INFO  [Log] Entering username into Username text box  
2017-06-10 21:25:46,082 INFO  [Log] Sign In button is found on Login page 
2017-06-10 21:26:11,241 INFO  [Log] Clicked on Sign In button 
2017-06-10 21:26:11,245 INFO  [Log] Succesfully logged into system 
2017-06-10 22:35:44,080 INFO  [Log] **************************************************************************************** 
2017-06-10 22:35:44,144 INFO  [Log] **************************************************************************************** 
2017-06-10 22:35:44,145 INFO  [Log] $$$$$$$$$$$$$$$$$$$$$                 TC_Login       $$$$$$$$$$$$$$$$$$$$$$$$$ 
2017-06-10 22:35:44,146 INFO  [Log] **************************************************************************************** 
2017-06-10 22:35:44,146 INFO  [Log] **************************************************************************************** 
2017-06-10 22:35:46,076 INFO  [Log] Set Excel Path, Name and Sheet E:\WS_PracticeSelenium\AutomationP\src\test\java\com\ext\testDataTestData-AutomationP.xlsxLogin 
2017-06-10 22:35:46,388 INFO  [Log] Username from TestData is Kavya 
2017-06-10 22:35:46,481 INFO  [Log] Username text box is found on Login page 
2017-06-10 22:35:46,615 INFO  [Log] Entering username into Username text box  
2017-06-10 22:35:46,640 INFO  [Log] Sign In button is found on Login page 
2017-06-10 22:35:58,615 INFO  [Log] Clicked on Sign In button 
2017-06-10 22:35:58,615 INFO  [Log] Succesfully logged into system 
2017-06-10 23:11:21,639 INFO  [Log] **************************************************************************************** 
2017-06-10 23:11:21,686 INFO  [Log] **************************************************************************************** 
2017-06-10 23:11:21,686 INFO  [Log] $$$$$$$$$$$$$$$$$$$$$                 TC_Login       $$$$$$$$$$$$$$$$$$$$$$$$$ 
2017-06-10 23:11:21,686 INFO  [Log] **************************************************************************************** 
2017-06-10 23:11:21,686 INFO  [Log] **************************************************************************************** 
2017-06-10 23:11:26,966 INFO  [Log] Set Excel Path, Name and Sheet E:\WS_PracticeSelenium\AutomationP\src\test\java\com\ext\testDataTestData-AutomationP.xlsxLogin 
2017-06-10 23:11:27,351 INFO  [Log] Username from TestData is Kavya 
2017-06-10 23:11:30,115 INFO  [Log] Username text box is NOT found on Login page 
2017-06-10 23:11:30,324 INFO  [Log]  uNable to enter username into Username text box  
2017-06-10 23:11:32,399 INFO  [Log] Sign In button is NOT found on Login page 
2017-06-10 23:11:32,407 INFO  [Log] Unable to click on Sign In button 
2017-06-10 23:11:32,424 INFO  [Log] Succesfully logged into system 
2017-06-10 23:16:35,150 INFO  [Log] **************************************************************************************** 
2017-06-10 23:16:35,150 INFO  [Log] **************************************************************************************** 
2017-06-10 23:16:35,150 INFO  [Log] $$$$$$$$$$$$$$$$$$$$$                 TC_Login       $$$$$$$$$$$$$$$$$$$$$$$$$ 
2017-06-10 23:16:35,150 INFO  [Log] **************************************************************************************** 
2017-06-10 23:16:35,150 INFO  [Log] **************************************************************************************** 
2017-06-10 23:16:35,849 INFO  [Log] Set Excel Path, Name and Sheet E:\WS_PracticeSelenium\AutomationP\src\test\java\com\ext\testDataTestData-AutomationP.xlsxLogin 
2017-06-10 23:16:36,209 INFO  [Log] Username from TestData is test@test.com 
2017-06-10 23:16:36,453 INFO  [Log] Username text box is found on Login page 
2017-06-10 23:16:36,802 INFO  [Log] Entering username into Username text box  
2017-06-10 23:16:36,833 INFO  [Log] Sign In button is found on Login page 
2017-06-10 23:16:37,589 INFO  [Log] Clicked on Sign In button 
2017-06-10 23:16:37,589 INFO  [Log] Succesfully logged into system 
2017-06-10 23:20:57,313 INFO  [Log] **************************************************************************************** 
2017-06-10 23:20:57,313 INFO  [Log] **************************************************************************************** 
2017-06-10 23:20:57,313 INFO  [Log] $$$$$$$$$$$$$$$$$$$$$                 TC_Login       $$$$$$$$$$$$$$$$$$$$$$$$$ 
2017-06-10 23:20:57,313 INFO  [Log] **************************************************************************************** 
2017-06-10 23:20:57,313 INFO  [Log] **************************************************************************************** 
2017-06-10 23:20:58,147 INFO  [Log] Set Excel Path, Name and Sheet E:\WS_PracticeSelenium\AutomationP\src\test\java\com\ext\testDataTestData-AutomationP.xlsxLogin 
2017-06-10 23:20:58,411 INFO  [Log] Username from TestData is Kavya 
2017-06-10 23:20:58,489 INFO  [Log] Username text box is found on Login page 
2017-06-10 23:20:58,738 INFO  [Log] Entering username into Username text box  
2017-06-10 23:20:59,589 INFO  [Log] Sign In button is found on Login page 
2017-06-10 23:20:59,796 INFO  [Log] Clicked on Sign In button 
2017-06-10 23:20:59,796 INFO  [Log] Succesfully logged into system 
2017-06-10 23:26:08,267 INFO  [Log] **************************************************************************************** 
2017-06-10 23:26:08,283 INFO  [Log] **************************************************************************************** 
2017-06-10 23:26:08,283 INFO  [Log] $$$$$$$$$$$$$$$$$$$$$                 TC_Login       $$$$$$$$$$$$$$$$$$$$$$$$$ 
2017-06-10 23:26:08,283 INFO  [Log] **************************************************************************************** 
2017-06-10 23:26:08,283 INFO  [Log] **************************************************************************************** 
2017-06-10 23:26:10,708 INFO  [Log] Set Excel Path, Name and Sheet E:\WS_PracticeSelenium\AutomationP\src\test\java\com\ext\testDataTestData-AutomationP.xlsxLogin 
2017-06-10 23:26:11,474 INFO  [Log] Username from TestData is test@test.com 
2017-06-10 23:26:11,903 INFO  [Log] Username text box is found on Login page 
2017-06-10 23:26:12,110 INFO  [Log] Entering username into Username text box  
2017-06-10 23:26:12,138 INFO  [Log] Sign In button is found on Login page 
2017-06-10 23:26:13,028 INFO  [Log] Clicked on Sign In button 
2017-06-10 23:26:13,028 INFO  [Log] Succesfully logged into system 
2017-06-10 23:28:58,274 INFO  [Log] **************************************************************************************** 
2017-06-10 23:28:58,399 INFO  [Log] **************************************************************************************** 
2017-06-10 23:28:58,399 INFO  [Log] $$$$$$$$$$$$$$$$$$$$$                 TC_Login       $$$$$$$$$$$$$$$$$$$$$$$$$ 
2017-06-10 23:28:58,399 INFO  [Log] **************************************************************************************** 
2017-06-10 23:28:58,399 INFO  [Log] **************************************************************************************** 
2017-06-10 23:29:05,965 INFO  [Log] Set Excel Path, Name and Sheet E:\WS_PracticeSelenium\AutomationP\src\test\java\com\ext\testDataTestData-AutomationP.xlsxLogin 
2017-06-10 23:29:06,420 INFO  [Log] Username from TestData is Kavya 
2017-06-10 23:29:06,615 INFO  [Log] Username text box is found on Login page 
2017-06-10 23:29:06,695 INFO  [Log] Entering username into Username text box  
2017-06-10 23:29:06,711 INFO  [Log] Sign In button is found on Login page 
2017-06-10 23:29:06,828 INFO  [Log] Clicked on Sign In button 
2017-06-10 23:29:06,828 INFO  [Log] Succesfully logged into system 
2017-06-10 23:32:53,466 INFO  [Log] **************************************************************************************** 
2017-06-10 23:32:53,513 INFO  [Log] **************************************************************************************** 
2017-06-10 23:32:53,513 INFO  [Log] $$$$$$$$$$$$$$$$$$$$$                 TC_Login       $$$$$$$$$$$$$$$$$$$$$$$$$ 
2017-06-10 23:32:53,513 INFO  [Log] **************************************************************************************** 
2017-06-10 23:32:53,513 INFO  [Log] **************************************************************************************** 
2017-06-10 23:32:55,524 INFO  [Log] Set Excel Path, Name and Sheet E:\WS_PracticeSelenium\AutomationP\src\test\java\com\ext\testDataTestData-AutomationP.xlsxLogin 
2017-06-10 23:32:55,997 INFO  [Log] Username from TestData is Kavya 
2017-06-10 23:32:56,151 INFO  [Log] Username text box is NOT found on Login page 
2017-06-10 23:32:56,169 INFO  [Log]  uNable to enter username into Username text box  
2017-06-10 23:32:56,200 INFO  [Log] Sign In button is NOT found on Login page 
2017-06-10 23:32:56,200 INFO  [Log] Unable to click on Sign In button 
2017-06-10 23:32:56,200 INFO  [Log] Succesfully logged into system 
2017-06-10 23:36:18,358 INFO  [Log] **************************************************************************************** 
2017-06-10 23:36:18,358 INFO  [Log] **************************************************************************************** 
2017-06-10 23:36:18,358 INFO  [Log] $$$$$$$$$$$$$$$$$$$$$                 TC_Login       $$$$$$$$$$$$$$$$$$$$$$$$$ 
2017-06-10 23:36:18,358 INFO  [Log] **************************************************************************************** 
2017-06-10 23:36:18,358 INFO  [Log] **************************************************************************************** 
2017-06-10 23:36:19,065 INFO  [Log] Set Excel Path, Name and Sheet E:\WS_PracticeSelenium\AutomationP\src\test\java\com\ext\testDataTestData-AutomationP.xlsxLogin 
2017-06-10 23:36:19,501 INFO  [Log] Username from TestData is test@test.com 
2017-06-10 23:36:25,043 INFO  [Log] Username text box is NOT found on Login page 
2017-06-10 23:36:25,059 INFO  [Log]  uNable to enter username into Username text box  
2017-06-10 23:36:27,236 INFO  [Log] Sign In button is NOT found on Login page 
2017-06-10 23:36:27,244 INFO  [Log] Unable to click on Sign In button 
2017-06-10 23:36:27,244 INFO  [Log] Succesfully logged into system 
2017-06-10 23:40:52,846 INFO  [Log] **************************************************************************************** 
2017-06-10 23:40:52,846 INFO  [Log] **************************************************************************************** 
2017-06-10 23:40:52,846 INFO  [Log] $$$$$$$$$$$$$$$$$$$$$                 TC_Login       $$$$$$$$$$$$$$$$$$$$$$$$$ 
2017-06-10 23:40:52,846 INFO  [Log] **************************************************************************************** 
2017-06-10 23:40:52,846 INFO  [Log] **************************************************************************************** 
2017-06-10 23:40:57,760 INFO  [Log] Set Excel Path, Name and Sheet E:\WS_PracticeSelenium\AutomationP\src\test\java\com\ext\testDataTestData-AutomationP.xlsxLogin 
2017-06-10 23:40:58,344 INFO  [Log] Username from TestData is test@test.com 
2017-06-10 23:41:00,653 INFO  [Log] Username text box is NOT found on Login page 
2017-06-10 23:41:00,671 INFO  [Log]  uNable to enter username into Username text box  
2017-06-10 23:41:02,841 INFO  [Log] Sign In button is NOT found on Login page 
2017-06-10 23:41:02,848 INFO  [Log] Unable to click on Sign In button 
2017-06-10 23:41:02,852 INFO  [Log] Succesfully logged into system 
2017-06-10 23:42:25,783 INFO  [Log] **************************************************************************************** 
2017-06-10 23:42:25,783 INFO  [Log] **************************************************************************************** 
2017-06-10 23:42:25,783 INFO  [Log] $$$$$$$$$$$$$$$$$$$$$                 TC_Login       $$$$$$$$$$$$$$$$$$$$$$$$$ 
2017-06-10 23:42:25,783 INFO  [Log] **************************************************************************************** 
2017-06-10 23:42:25,784 INFO  [Log] **************************************************************************************** 
2017-06-10 23:42:26,808 INFO  [Log] Set Excel Path, Name and Sheet E:\WS_PracticeSelenium\AutomationP\src\test\java\com\ext\testDataTestData-AutomationP.xlsxLogin 
2017-06-10 23:42:27,539 INFO  [Log] Username from TestData is test@test.com 
2017-06-10 23:42:29,744 INFO  [Log] Username text box is NOT found on Login page 
2017-06-10 23:42:29,760 INFO  [Log]  uNable to enter username into Username text box  
2017-06-10 23:42:32,021 INFO  [Log] Sign In button is NOT found on Login page 
2017-06-10 23:42:32,030 INFO  [Log] Unable to click on Sign In button 
2017-06-10 23:42:32,030 INFO  [Log] Succesfully logged into system 
2017-06-10 23:51:41,238 INFO  [Log] **************************************************************************************** 
2017-06-10 23:51:41,238 INFO  [Log] **************************************************************************************** 
2017-06-10 23:51:41,238 INFO  [Log] $$$$$$$$$$$$$$$$$$$$$                 TC_Login       $$$$$$$$$$$$$$$$$$$$$$$$$ 
2017-06-10 23:51:41,238 INFO  [Log] **************************************************************************************** 
2017-06-10 23:51:41,238 INFO  [Log] **************************************************************************************** 
2017-06-10 23:51:41,832 INFO  [Log] Set Excel Path, Name and Sheet E:\WS_PracticeSelenium\AutomationP\src\test\java\com\ext\testDataTestData-AutomationP.xlsxLogin 
2017-06-10 23:51:42,458 INFO  [Log] Username from TestData is test@test.com 
2017-06-10 23:51:42,490 INFO  [Log] Username text box is NOT found on Login page 
2017-06-10 23:51:42,503 INFO  [Log]  uNable to enter username into Username text box  
2017-06-10 23:51:42,532 INFO  [Log] Sign In button is NOT found on Login page 
2017-06-10 23:51:42,532 INFO  [Log] Unable to click on Sign In button 
2017-06-10 23:51:42,532 INFO  [Log] Succesfully logged into system 
2017-06-10 23:58:49,914 INFO  [Log] **************************************************************************************** 
2017-06-10 23:58:49,914 INFO  [Log] **************************************************************************************** 
2017-06-10 23:58:49,914 INFO  [Log] $$$$$$$$$$$$$$$$$$$$$                 TC_Login       $$$$$$$$$$$$$$$$$$$$$$$$$ 
2017-06-10 23:58:49,914 INFO  [Log] **************************************************************************************** 
2017-06-10 23:58:49,914 INFO  [Log] **************************************************************************************** 
2017-06-10 23:58:50,925 INFO  [Log] Set Excel Path, Name and Sheet E:\WS_PracticeSelenium\AutomationP\src\test\java\com\ext\testDataTestData-AutomationP.xlsxLogin 
2017-06-10 23:58:51,528 INFO  [Log] Username from TestData is test@test.com 
2017-06-10 23:58:51,546 INFO  [Log] Username text box is NOT found on Login page 
2017-06-10 23:58:51,546 INFO  [Log]  uNable to enter username into Username text box  
2017-06-10 23:58:51,571 INFO  [Log] Sign In button is NOT found on Login page 
2017-06-10 23:58:51,571 INFO  [Log] Unable to click on Sign In button 
2017-06-10 23:58:51,571 INFO  [Log] Succesfully logged into system 
2017-06-10 23:59:50,549 INFO  [Log] **************************************************************************************** 
2017-06-10 23:59:50,549 INFO  [Log] **************************************************************************************** 
2017-06-10 23:59:50,549 INFO  [Log] $$$$$$$$$$$$$$$$$$$$$                 TC_Login       $$$$$$$$$$$$$$$$$$$$$$$$$ 
2017-06-10 23:59:50,549 INFO  [Log] **************************************************************************************** 
2017-06-10 23:59:50,549 INFO  [Log] **************************************************************************************** 
2017-06-10 23:59:51,298 INFO  [Log] Set Excel Path, Name and Sheet E:\WS_PracticeSelenium\AutomationP\src\test\java\com\ext\testDataTestData-AutomationP.xlsxLogin 
2017-06-10 23:59:51,943 INFO  [Log] Username from TestData is test@test.com 
2017-06-10 23:59:54,281 INFO  [Log] Username text box is NOT found on Login page 
2017-06-10 23:59:54,300 INFO  [Log]  uNable to enter username into Username text box  
2017-06-10 23:59:56,542 INFO  [Log] Sign In button is NOT found on Login page 
2017-06-10 23:59:56,550 INFO  [Log] Unable to click on Sign In button 
2017-06-10 23:59:56,550 INFO  [Log] Succesfully logged into system 
2017-06-11 00:03:56,744 INFO  [Log] **************************************************************************************** 
2017-06-11 00:03:56,744 INFO  [Log] **************************************************************************************** 
2017-06-11 00:03:56,744 INFO  [Log] $$$$$$$$$$$$$$$$$$$$$                 TC_Login       $$$$$$$$$$$$$$$$$$$$$$$$$ 
2017-06-11 00:03:56,744 INFO  [Log] **************************************************************************************** 
2017-06-11 00:03:56,744 INFO  [Log] **************************************************************************************** 
2017-06-11 00:03:57,411 INFO  [Log] Set Excel Path, Name and Sheet E:\WS_PracticeSelenium\AutomationP\src\test\java\com\ext\testDataTestData-AutomationP.xlsxLogin 
2017-06-11 00:03:57,763 INFO  [Log] Username from TestData is test@test.com 
2017-06-11 00:03:59,841 INFO  [Log] Username text box is NOT found on Login page 
2017-06-11 00:03:59,865 INFO  [Log]  uNable to enter username into Username text box  
2017-06-11 00:04:02,128 INFO  [Log] Sign In button is NOT found on Login page 
2017-06-11 00:04:02,131 INFO  [Log] Unable to click on Sign In button 
2017-06-11 00:04:02,133 INFO  [Log] Succesfully logged into system 
2017-06-11 00:17:29,157 INFO  [Log] **************************************************************************************** 
2017-06-11 00:17:29,169 INFO  [Log] **************************************************************************************** 
2017-06-11 00:17:29,169 INFO  [Log] $$$$$$$$$$$$$$$$$$$$$                 TC_Login       $$$$$$$$$$$$$$$$$$$$$$$$$ 
2017-06-11 00:17:29,169 INFO  [Log] **************************************************************************************** 
2017-06-11 00:17:29,169 INFO  [Log] **************************************************************************************** 
2017-06-11 00:17:31,724 INFO  [Log] Set Excel Path, Name and Sheet E:\WS_PracticeSelenium\AutomationP\src\test\java\com\ext\testDataTestData-AutomationP.xlsxLogin 
2017-06-11 00:17:35,540 INFO  [Log] Username from TestData is test@test.com 
2017-06-11 00:17:35,675 INFO  [Log] Username text box is NOT found on Login page 
2017-06-11 00:17:35,686 INFO  [Log]  uNable to enter username into Username text box  
2017-06-11 00:17:35,706 INFO  [Log] Sign In button is NOT found on Login page 
2017-06-11 00:17:35,738 INFO  [Log] Unable to click on Sign In button 
2017-06-11 00:17:35,742 INFO  [Log] Succesfully logged into system 
2017-10-08 21:23:28,179 INFO  [Log] **************************************************************************************** 
2017-10-08 21:23:28,258 INFO  [Log] **************************************************************************************** 
2017-10-08 21:23:28,258 INFO  [Log] $$$$$$$$$$$$$$$$$$$$$                 TC_Login       $$$$$$$$$$$$$$$$$$$$$$$$$ 
2017-10-08 21:23:28,258 INFO  [Log] **************************************************************************************** 
2017-10-08 21:23:28,258 INFO  [Log] **************************************************************************************** 
2017-10-08 21:23:35,120 INFO  [Log] Set Excel Path, Name and Sheet E:\WS_PracticeSelenium\AutomationP\src\test\java\com\ext\testDataTestData-AutomationP.xlsxLogin 
2017-10-08 21:23:36,243 INFO  [Log] Username from TestData is test@test.com 
2017-10-08 21:23:36,422 INFO  [Log] Username text box is NOT found on Login page 
2017-10-08 21:23:36,484 INFO  [Log]  uNable to enter username into Username text box  
2017-10-08 21:23:36,517 INFO  [Log] Sign In button is NOT found on Login page 
2017-10-08 21:23:36,517 INFO  [Log] Unable to click on Sign In button 
2017-10-08 21:23:36,517 INFO  [Log] Succesfully logged into system 
2017-10-08 21:41:55,079 INFO  [Log] **************************************************************************************** 
2017-10-08 21:41:55,160 INFO  [Log] **************************************************************************************** 
2017-10-08 21:41:55,160 INFO  [Log] $$$$$$$$$$$$$$$$$$$$$                 TC_Login       $$$$$$$$$$$$$$$$$$$$$$$$$ 
2017-10-08 21:41:55,160 INFO  [Log] **************************************************************************************** 
2017-10-08 21:41:55,160 INFO  [Log] **************************************************************************************** 
2017-10-08 21:41:58,218 INFO  [Log] Set Excel Path, Name and Sheet E:\WS_PracticeSelenium\AutomationP\src\test\java\com\ext\testDataTestData-AutomationP.xlsxLogin 
2017-10-08 21:41:59,007 INFO  [Log] Username from TestData is test@test.com 
2017-10-08 21:41:59,030 INFO  [Log] Username text box is NOT found on Login page 
2017-10-08 21:41:59,036 INFO  [Log]  uNable to enter username into Username text box  
2017-10-08 21:41:59,052 INFO  [Log] Sign In button is NOT found on Login page 
2017-10-08 21:41:59,054 INFO  [Log] Unable to click on Sign In button 
2017-10-08 21:41:59,056 INFO  [Log] Succesfully logged into system 
2017-11-05 19:10:13,387 INFO  [Log] **************************************************************************************** 
2017-11-05 19:10:13,419 INFO  [Log] **************************************************************************************** 
2017-11-05 19:10:13,419 INFO  [Log] $$$$$$$$$$$$$$$$$$$$$                 TC_Login       $$$$$$$$$$$$$$$$$$$$$$$$$ 
2017-11-05 19:10:13,419 INFO  [Log] **************************************************************************************** 
2017-11-05 19:10:13,419 INFO  [Log] **************************************************************************************** 
2017-11-05 19:10:18,564 INFO  [Log] Set Excel Path, Name and Sheet E:\WS_PracticeSelenium\AutomationP\src\test\java\com\ext\testDataTestData-AutomationP.xlsxLogin 
2017-11-05 19:10:19,791 INFO  [Log] Username from TestData is test@test.com 
2017-11-05 19:10:19,846 INFO  [Log] Username text box is NOT found on Login page 
2017-11-05 19:10:19,851 INFO  [Log]  uNable to enter username into Username text box  
2017-11-05 19:10:19,867 INFO  [Log] Sign In button is NOT found on Login page 
2017-11-05 19:10:19,871 INFO  [Log] Unable to click on Sign In button 
2017-11-05 19:10:19,871 INFO  [Log] Succesfully logged into system 
2017-11-05 19:15:36,640 INFO  [Log] **************************************************************************************** 
2017-11-05 19:15:36,640 INFO  [Log] **************************************************************************************** 
2017-11-05 19:15:36,640 INFO  [Log] $$$$$$$$$$$$$$$$$$$$$                 TC_Login       $$$$$$$$$$$$$$$$$$$$$$$$$ 
2017-11-05 19:15:36,640 INFO  [Log] **************************************************************************************** 
2017-11-05 19:15:36,640 INFO  [Log] **************************************************************************************** 
2017-11-05 19:15:37,248 INFO  [Log] Set Excel Path, Name and Sheet E:\WS_PracticeSelenium\AutomationP\src\test\java\com\ext\testDataTestData-AutomationP.xlsxLogin 
2017-11-05 19:15:37,727 INFO  [Log] Username from TestData is Kavya 
2017-11-05 19:15:37,820 INFO  [Log] Username text box is found on Login page 
2017-11-05 19:15:38,219 INFO  [Log] Entering username into Username text box  
2017-11-05 19:15:38,291 INFO  [Log] Sign In button is found on Login page 
2017-11-05 19:15:44,566 INFO  [Log] Clicked on Sign In button 
2017-11-05 19:15:44,566 INFO  [Log] Succesfully logged into system 
2017-11-17 22:54:01,473 INFO  [Log] **************************************************************************************** 
2017-11-17 22:54:01,473 INFO  [Log] **************************************************************************************** 
2017-11-17 22:54:01,473 INFO  [Log] $$$$$$$$$$$$$$$$$$$$$                 TC_Login       $$$$$$$$$$$$$$$$$$$$$$$$$ 
2017-11-17 22:54:01,473 INFO  [Log] **************************************************************************************** 
2017-11-17 22:54:01,473 INFO  [Log] **************************************************************************************** 
2017-11-17 22:54:02,193 INFO  [Log] Set Excel Path, Name and Sheet E:\WS_PracticeSelenium\AutomationP\src\test\java\com\ext\testDataTestData-AutomationP.xlsxLogin 
2017-11-17 22:54:02,536 INFO  [Log] Username from TestData is Kavya 
2017-11-17 22:54:02,568 INFO  [Log] Username text box is found on Login page 
2017-11-17 22:54:02,815 INFO  [Log] Entering username into Username text box  
2017-11-17 22:54:02,852 INFO  [Log] Sign In button is found on Login page 
2017-11-17 22:54:17,420 INFO  [Log] Clicked on Sign In button 
2017-11-17 22:54:17,421 INFO  [Log] Succesfully logged into system 
2017-11-19 18:15:59,839 INFO  [Log] **************************************************************************************** 
2017-11-19 18:15:59,871 INFO  [Log] **************************************************************************************** 
2017-11-19 18:15:59,871 INFO  [Log] $$$$$$$$$$$$$$$$$$$$$                 TC_Login       $$$$$$$$$$$$$$$$$$$$$$$$$ 
2017-11-19 18:15:59,871 INFO  [Log] **************************************************************************************** 
2017-11-19 18:15:59,871 INFO  [Log] **************************************************************************************** 
2017-11-19 18:16:02,430 INFO  [Log] Set Excel Path, Name and Sheet E:\WS_PracticeSelenium\AutomationP\src\test\java\com\ext\testDataTestData-AutomationP.xlsxLogin 
2017-11-19 18:16:03,318 INFO  [Log] Username from TestData is test@test.com 
2017-11-19 18:16:03,552 INFO  [Log] Username text box is found on Login page 
2017-11-19 18:16:04,318 INFO  [Log] Entering username into Username text box  
2017-11-19 18:16:05,462 INFO  [Log] Sign In button is found on Login page 
2017-11-19 18:16:05,930 INFO  [Log] Succesfully logged into system 
2017-11-19 18:18:54,061 INFO  [Log] **************************************************************************************** 
2017-11-19 18:18:54,076 INFO  [Log] **************************************************************************************** 
2017-11-19 18:18:54,076 INFO  [Log] $$$$$$$$$$$$$$$$$$$$$                 TC_Login       $$$$$$$$$$$$$$$$$$$$$$$$$ 
2017-11-19 18:18:54,076 INFO  [Log] **************************************************************************************** 
2017-11-19 18:18:54,076 INFO  [Log] **************************************************************************************** 
2017-11-19 18:18:55,957 INFO  [Log] Set Excel Path, Name and Sheet E:\WS_PracticeSelenium\AutomationP\src\test\java\com\ext\testDataTestData-AutomationP.xlsxLogin 
2017-11-19 18:18:56,762 INFO  [Log] Username from TestData is test@test.com 
2017-11-19 18:18:57,090 INFO  [Log] Username text box is found on Login page 
2017-11-19 18:18:57,543 INFO  [Log] Entering username into Username text box  
2017-11-19 18:18:57,574 INFO  [Log] Sign In button is found on Login page 
2017-11-19 18:18:58,684 INFO  [Log] Succesfully logged into system 
2017-11-19 18:23:29,779 INFO  [Log] **************************************************************************************** 
2017-11-19 18:23:29,810 INFO  [Log] **************************************************************************************** 
2017-11-19 18:23:29,810 INFO  [Log] $$$$$$$$$$$$$$$$$$$$$                 TC_Login       $$$$$$$$$$$$$$$$$$$$$$$$$ 
2017-11-19 18:23:29,810 INFO  [Log] **************************************************************************************** 
2017-11-19 18:23:29,810 INFO  [Log] **************************************************************************************** 
2017-11-19 18:23:31,790 INFO  [Log] Set Excel Path, Name and Sheet E:\WS_PracticeSelenium\AutomationP\src\test\java\com\ext\testDataTestData-AutomationP.xlsxLogin 
2017-11-19 18:23:32,484 INFO  [Log] Username from TestData is test@test.com 
2017-11-19 18:23:32,594 INFO  [Log] Username text box is found on Login page 
2017-11-19 18:23:32,859 INFO  [Log] Entering username into Username text box  
2017-11-19 18:23:32,875 INFO  [Log] Sign In button is found on Login page 
2017-11-19 18:23:33,469 INFO  [Log] Succesfully logged into system 
2017-11-19 18:26:11,702 INFO  [Log] **************************************************************************************** 
2017-11-19 18:26:11,702 INFO  [Log] **************************************************************************************** 
2017-11-19 18:26:11,702 INFO  [Log] $$$$$$$$$$$$$$$$$$$$$                 TC_Login       $$$$$$$$$$$$$$$$$$$$$$$$$ 
2017-11-19 18:26:11,702 INFO  [Log] **************************************************************************************** 
2017-11-19 18:26:11,702 INFO  [Log] **************************************************************************************** 
2017-11-19 18:26:12,327 INFO  [Log] Set Excel Path, Name and Sheet E:\WS_PracticeSelenium\AutomationP\src\test\java\com\ext\testDataTestData-AutomationP.xlsxLogin 
2017-11-19 18:26:12,720 INFO  [Log] Username from TestData is test@test.com 
2017-11-19 18:26:12,830 INFO  [Log] Username text box is found on Login page 
2017-11-19 18:26:12,939 INFO  [Log] Entering username into Username text box  
2017-11-19 18:26:12,970 INFO  [Log] Sign In button is found on Login page 
2017-11-19 18:26:14,361 INFO  [Log] Succesfully logged into system 
2017-11-19 18:29:48,563 INFO  [Log] **************************************************************************************** 
2017-11-19 18:29:48,564 INFO  [Log] **************************************************************************************** 
2017-11-19 18:29:48,564 INFO  [Log] $$$$$$$$$$$$$$$$$$$$$                 TC_Login       $$$$$$$$$$$$$$$$$$$$$$$$$ 
2017-11-19 18:29:48,564 INFO  [Log] **************************************************************************************** 
2017-11-19 18:29:48,564 INFO  [Log] **************************************************************************************** 
2017-11-19 18:29:52,559 INFO  [Log] Set Excel Path, Name and Sheet E:\WS_PracticeSelenium\AutomationP\src\test\java\com\ext\testDataTestData-AutomationP.xlsxLogin 
2017-11-19 18:29:54,114 INFO  [Log] Username from TestData is test@test.com 
2017-11-19 18:29:54,303 INFO  [Log] Username text box is found on Login page 
2017-11-19 18:29:54,464 INFO  [Log] Entering username into Username text box  
2017-11-19 18:29:54,479 INFO  [Log] Sign In button is found on Login page 
2017-11-19 18:29:55,792 INFO  [Log] Succesfully logged into system 
2017-12-07 23:08:36,862 INFO  [Log] **************************************************************************************** 
2017-12-07 23:08:36,874 INFO  [Log] **************************************************************************************** 
2017-12-07 23:08:36,874 INFO  [Log] $$$$$$$$$$$$$$$$$$$$$                 TC_Login       $$$$$$$$$$$$$$$$$$$$$$$$$ 
2017-12-07 23:08:36,874 INFO  [Log] **************************************************************************************** 
2017-12-07 23:08:36,874 INFO  [Log] **************************************************************************************** 
2017-12-07 23:08:38,583 INFO  [Log] Set Excel Path, Name and Sheet E:\WS_PracticeSelenium\AutomationP\src\test\java\com\ext\testDataTestData-AutomationP.xlsxLogin 
2017-12-07 23:08:38,930 INFO  [Log] Username from TestData is Kavya 
2017-12-07 23:08:38,951 INFO  [Log]  uNable to enter username into Username text box  
2017-12-07 23:08:39,007 INFO  [Log] Sign In button is found on Login page 
2017-12-07 23:08:46,581 INFO  [Log] Succesfully logged into system 
2017-12-07 23:23:12,991 INFO  [Log] **************************************************************************************** 
2017-12-07 23:23:12,991 INFO  [Log] **************************************************************************************** 
2017-12-07 23:23:12,991 INFO  [Log] $$$$$$$$$$$$$$$$$$$$$                 TC_Login       $$$$$$$$$$$$$$$$$$$$$$$$$ 
2017-12-07 23:23:12,991 INFO  [Log] **************************************************************************************** 
2017-12-07 23:23:12,991 INFO  [Log] **************************************************************************************** 
2017-12-07 23:23:13,638 INFO  [Log] Set Excel Path, Name and Sheet E:\WS_PracticeSelenium\AutomationP\src\test\java\com\ext\testDataTestData-AutomationP.xlsxLogin 
2017-12-07 23:23:13,890 INFO  [Log] Username from TestData is Kavya 
2017-12-07 23:23:13,890 INFO  [Log]  uNable to enter username into Username text box  
2017-12-07 23:23:13,934 ERROR [Log] Unable to login into application 
2017-12-07 23:24:52,900 INFO  [Log] **************************************************************************************** 
2017-12-07 23:24:52,900 INFO  [Log] **************************************************************************************** 
2017-12-07 23:24:52,900 INFO  [Log] $$$$$$$$$$$$$$$$$$$$$                 TC_Login       $$$$$$$$$$$$$$$$$$$$$$$$$ 
2017-12-07 23:24:52,900 INFO  [Log] **************************************************************************************** 
2017-12-07 23:24:52,900 INFO  [Log] **************************************************************************************** 
2017-12-07 23:24:53,494 INFO  [Log] Set Excel Path, Name and Sheet E:\WS_PracticeSelenium\AutomationP\src\test\java\com\ext\testDataTestData-AutomationP.xlsxLogin 
2017-12-07 23:24:53,770 INFO  [Log] Username from TestData is Kavya 
2017-12-07 23:24:53,770 INFO  [Log]  uNable to enter username into Username text box  
2017-12-07 23:24:53,781 ERROR [Log] Unable to login into application 
2017-12-07 23:27:23,232 INFO  [Log] **************************************************************************************** 
2017-12-07 23:27:23,236 INFO  [Log] **************************************************************************************** 
2017-12-07 23:27:23,236 INFO  [Log] $$$$$$$$$$$$$$$$$$$$$                 TC_Login       $$$$$$$$$$$$$$$$$$$$$$$$$ 
2017-12-07 23:27:23,236 INFO  [Log] **************************************************************************************** 
2017-12-07 23:27:23,236 INFO  [Log] **************************************************************************************** 
2017-12-07 23:27:23,819 INFO  [Log] Set Excel Path, Name and Sheet E:\WS_PracticeSelenium\AutomationP\src\test\java\com\ext\testDataTestData-AutomationP.xlsxLogin 
2017-12-07 23:27:24,043 INFO  [Log] Username from TestData is Kavya 
2017-12-07 23:27:24,043 INFO  [Log]  uNable to enter username into Username text box  
2017-12-07 23:27:24,057 ERROR [Log] Unable to login into application 
2018-03-12 21:05:27,934 INFO  [Log] **************************************************************************************** 
2018-03-12 21:05:27,934 INFO  [Log] **************************************************************************************** 
2018-03-12 21:05:27,934 INFO  [Log] $$$$$$$$$$$$$$$$$$$$$                 TC_Login       $$$$$$$$$$$$$$$$$$$$$$$$$ 
2018-03-12 21:05:27,934 INFO  [Log] **************************************************************************************** 
2018-03-12 21:05:27,934 INFO  [Log] **************************************************************************************** 
2018-03-12 21:05:30,404 INFO  [Log] Set Excel Path, Name and Sheet E:\WS_PracticeSelenium\AutomationP\src\test\java\com\ext\testDataTestData-AutomationP.xlsxLogin 
2018-03-12 21:05:31,750 INFO  [Log] Username from TestData is test@test.com 
2018-03-12 21:05:31,779 INFO  [Log]  uNable to enter username into Username text box  
2018-03-12 21:05:31,981 ERROR [Log] Unable to login into application 
2018-03-12 21:07:05,244 INFO  [Log] **************************************************************************************** 
2018-03-12 21:07:05,245 INFO  [Log] **************************************************************************************** 
2018-03-12 21:07:05,245 INFO  [Log] $$$$$$$$$$$$$$$$$$$$$                 TC_Login       $$$$$$$$$$$$$$$$$$$$$$$$$ 
2018-03-12 21:07:05,245 INFO  [Log] **************************************************************************************** 
2018-03-12 21:07:05,245 INFO  [Log] **************************************************************************************** 
2018-03-12 21:07:10,112 INFO  [Log] Set Excel Path, Name and Sheet E:\WS_PracticeSelenium\AutomationP\src\test\java\com\ext\testDataTestData-AutomationP.xlsxLogin 
2018-03-12 21:07:11,424 INFO  [Log] Username from TestData is test@test.com 
2018-03-12 21:07:11,444 INFO  [Log]  uNable to enter username into Username text box  
2018-03-12 21:07:11,621 ERROR [Log] Unable to login into application 
2018-03-17 22:31:40,585 INFO  [Log] **************************************************************************************** 
2018-03-17 22:31:40,819 INFO  [Log] **************************************************************************************** 
2018-03-17 22:31:40,819 INFO  [Log] $$$$$$$$$$$$$$$$$$$$$                 TC_Login       $$$$$$$$$$$$$$$$$$$$$$$$$ 
2018-03-17 22:31:40,819 INFO  [Log] **************************************************************************************** 
2018-03-17 22:31:40,819 INFO  [Log] **************************************************************************************** 
2018-03-17 22:32:02,803 INFO  [Log] Set Excel Path, Name and Sheet E:\WS_PracticeSelenium\AutomationP\src\test\java\com\ext\testDataTestData-AutomationP.xlsxLogin 
2018-03-17 22:32:07,538 INFO  [Log] Username from TestData is test@test.com 
2018-03-17 22:32:07,834 INFO  [Log]  uNable to enter username into Username text box  
2018-03-17 22:32:09,444 ERROR [Log] Unable to login into application 
2018-03-17 22:37:01,095 INFO  [Log] **************************************************************************************** 
2018-03-17 22:37:01,095 INFO  [Log] **************************************************************************************** 
2018-03-17 22:37:01,095 INFO  [Log] $$$$$$$$$$$$$$$$$$$$$                 TC_Login       $$$$$$$$$$$$$$$$$$$$$$$$$ 
2018-03-17 22:37:01,095 INFO  [Log] **************************************************************************************** 
2018-03-17 22:37:01,095 INFO  [Log] **************************************************************************************** 
2018-03-17 22:37:01,745 INFO  [Log] Set Excel Path, Name and Sheet E:\WS_PracticeSelenium\AutomationP\src\test\java\com\ext\testDataTestData-AutomationP.xlsxLogin 
2018-03-17 22:37:02,149 INFO  [Log] Username from TestData is Kavya 
2018-03-17 22:37:02,530 INFO  [Log] Username text box is found on Login page 
2018-03-17 22:37:03,493 INFO  [Log] Entering username into Username text box  
2018-03-17 22:37:03,525 INFO  [Log] Sign In button is found on Login page 
2018-03-17 22:37:10,786 INFO  [Log] Succesfully logged into system 
2018-03-17 22:38:30,665 INFO  [Log] **************************************************************************************** 
2018-03-17 22:38:30,665 INFO  [Log] **************************************************************************************** 
2018-03-17 22:38:30,665 INFO  [Log] $$$$$$$$$$$$$$$$$$$$$                 TC_Login       $$$$$$$$$$$$$$$$$$$$$$$$$ 
2018-03-17 22:38:30,665 INFO  [Log] **************************************************************************************** 
2018-03-17 22:38:30,665 INFO  [Log] **************************************************************************************** 
2018-03-17 22:38:31,292 INFO  [Log] Set Excel Path, Name and Sheet E:\WS_PracticeSelenium\AutomationP\src\test\java\com\ext\testDataTestData-AutomationP.xlsxLogin 
2018-03-17 22:38:31,516 INFO  [Log] Username from TestData is Kavya 
2018-03-17 22:38:31,548 INFO  [Log] Username text box is found on Login page 
2018-03-17 22:38:31,628 INFO  [Log] Entering username into Username text box  
2018-03-17 22:38:31,664 INFO  [Log] Sign In button is found on Login page 
2018-03-17 22:38:36,586 INFO  [Log] Succesfully logged into system 
2018-03-18 14:02:55,512 INFO  [Log] **************************************************************************************** 
2018-03-18 14:02:55,925 INFO  [Log] **************************************************************************************** 
2018-03-18 14:02:55,925 INFO  [Log] $$$$$$$$$$$$$$$$$$$$$                 TC_Login       $$$$$$$$$$$$$$$$$$$$$$$$$ 
2018-03-18 14:02:55,925 INFO  [Log] **************************************************************************************** 
2018-03-18 14:02:55,926 INFO  [Log] **************************************************************************************** 
2018-03-18 14:03:05,447 INFO  [Log] Set Excel Path, Name and Sheet E:\WS_PracticeSelenium\AutomationP\src\test\java\com\ext\testDataTestData-AutomationP.xlsxLogin 
2018-03-18 14:03:10,682 INFO  [Log] Username from TestData is test@test.com 
2018-03-18 14:03:12,010 INFO  [Log] Username text box is found on Login page 
2018-03-18 14:03:16,424 INFO  [Log] Entering username into Username text box  
2018-03-18 14:03:16,464 INFO  [Log] Sign In button is found on Login page 
2018-03-18 14:03:18,642 INFO  [Log] Succesfully logged into system 
2018-03-18 18:05:15,672 INFO  [Log] **************************************************************************************** 
2018-03-18 18:05:15,709 INFO  [Log] **************************************************************************************** 
2018-03-18 18:05:15,709 INFO  [Log] $$$$$$$$$$$$$$$$$$$$$                 TC_Login       $$$$$$$$$$$$$$$$$$$$$$$$$ 
2018-03-18 18:05:15,709 INFO  [Log] **************************************************************************************** 
2018-03-18 18:05:15,709 INFO  [Log] **************************************************************************************** 
2018-03-18 18:05:21,359 INFO  [Log] Set Excel Path, Name and Sheet E:\WS_PracticeSelenium\AutomationP\src\test\java\com\ext\testDataTestData-AutomationP.xlsxLogin 
2018-03-18 18:05:22,427 INFO  [Log] Username from TestData is test@test.com 
2018-03-18 18:05:24,839 INFO  [Log] Username text box is NOT found on Login page 
2018-03-18 18:05:24,854 INFO  [Log]  uNable to enter username into Username text box  
2018-03-18 18:05:29,463 INFO  [Log] Sign In button is NOT found on Login page 
2018-03-18 18:05:29,497 ERROR [Log] Unable to login into application 
2018-03-18 18:06:45,368 INFO  [Log] **************************************************************************************** 
2018-03-18 18:06:45,369 INFO  [Log] **************************************************************************************** 
2018-03-18 18:06:45,369 INFO  [Log] $$$$$$$$$$$$$$$$$$$$$                 TC_Login       $$$$$$$$$$$$$$$$$$$$$$$$$ 
2018-03-18 18:06:45,369 INFO  [Log] **************************************************************************************** 
2018-03-18 18:06:45,369 INFO  [Log] **************************************************************************************** 
2018-03-18 18:06:45,979 INFO  [Log] Set Excel Path, Name and Sheet E:\WS_PracticeSelenium\AutomationP\src\test\java\com\ext\testDataTestData-AutomationP.xlsxLogin 
2018-03-18 18:06:46,394 INFO  [Log] Username from TestData is test@test.com 
2018-03-18 18:06:46,710 INFO  [Log] Username text box is found on Login page 
2018-03-18 18:06:49,912 INFO  [Log] Entering username into Username text box  
2018-03-18 18:06:49,931 INFO  [Log] Sign In button is found on Login page 
2018-03-18 18:06:50,372 INFO  [Log] Succesfully logged into system 
2018-03-18 18:10:36,866 INFO  [Log] **************************************************************************************** 
2018-03-18 18:10:37,014 INFO  [Log] **************************************************************************************** 
2018-03-18 18:10:37,014 INFO  [Log] $$$$$$$$$$$$$$$$$$$$$                 TC_Login       $$$$$$$$$$$$$$$$$$$$$$$$$ 
2018-03-18 18:10:37,014 INFO  [Log] **************************************************************************************** 
2018-03-18 18:10:37,014 INFO  [Log] **************************************************************************************** 
2018-03-18 18:10:51,194 INFO  [Log] Set Excel Path, Name and Sheet E:\WS_PracticeSelenium\AutomationP\src\test\java\com\ext\testDataTestData-AutomationP.xlsxLogin 
2018-03-18 18:10:56,368 INFO  [Log] Username from TestData is test@test.com 
2018-03-18 18:10:57,095 INFO  [Log] Username text box is found on Login page 
2018-03-18 18:10:57,588 INFO  [Log] Entering username into Username text box  
2018-03-18 18:10:57,612 INFO  [Log] Sign In button is found on Login page 
2018-03-18 18:10:59,142 INFO  [Log] Succesfully logged into system 
2018-03-18 18:15:25,372 INFO  [Log] **************************************************************************************** 
2018-03-18 18:15:25,400 INFO  [Log] **************************************************************************************** 
2018-03-18 18:15:25,400 INFO  [Log] $$$$$$$$$$$$$$$$$$$$$                 TC_Login       $$$$$$$$$$$$$$$$$$$$$$$$$ 
2018-03-18 18:15:25,400 INFO  [Log] **************************************************************************************** 
2018-03-18 18:15:25,400 INFO  [Log] **************************************************************************************** 
2018-03-18 18:15:28,400 INFO  [Log] Set Excel Path, Name and Sheet E:\WS_PracticeSelenium\AutomationP\src\test\java\com\ext\testDataTestData-AutomationP.xlsxLogin 
2018-03-18 18:15:28,748 INFO  [Log] Username from TestData is Kavya 
2018-03-18 18:15:28,932 INFO  [Log] Username text box is found on Login page 
2018-03-18 18:15:29,552 INFO  [Log] Entering username into Username text box  
2018-03-18 18:15:29,576 INFO  [Log] Sign In button is found on Login page 
2018-03-18 18:15:42,371 INFO  [Log] Succesfully logged into system 
